


ARM Macro Assembler    Page 1 


    1 00000000         ;/******************************************************
                       ***********************/
    2 00000000         ;/* 1986VE1T.s: Startup file for ARM Cortex-M1 Device Fa
                       mily                   */
    3 00000000         ;/******************************************************
                       ***********************/
    4 00000000         
    5 00000000         
    6 00000000         ;// <h> Stack Configuration
    7 00000000         ;//   <o> Stack Size (in Bytes) <0x0-0xFFFFFFFF:8>
    8 00000000         ;// </h>
    9 00000000         
   10 00000000 00001000 
                       Stack_Size
                               EQU              0x00001000
   11 00000000         
   12 00000000                 AREA             STACK, NOINIT, READWRITE, ALIGN
=3
   13 00000000         Stack_Mem
                               SPACE            Stack_Size
   14 00001000         __initial_sp
   15 00001000         
   16 00001000         
   17 00001000         ;// <h> Heap Configuration
   18 00001000         ;//   <o>  Heap Size (in Bytes) <0x0-0xFFFFFFFF:8>
   19 00001000         ;// </h>
   20 00001000         
   21 00001000 00001000 
                       Heap_Size
                               EQU              0x00001000
   22 00001000         
   23 00001000                 AREA             HEAP, NOINIT, READWRITE, ALIGN=
3
   24 00000000         __heap_base
   25 00000000         Heap_Mem
                               SPACE            Heap_Size
   26 00001000         __heap_limit
   27 00001000         
   28 00001000                 PRESERVE8
   29 00001000                 THUMB
   30 00001000         
   31 00001000         ; Vector Table Mapped to Address 0 at Reset
   32 00001000         
   33 00001000                 AREA             RESET, DATA, READONLY
   34 00000000                 EXPORT           __Vectors
   35 00000000         
   36 00000000 00000000 
                       __Vectors
                               DCD              __initial_sp ; Top of Stack
   37 00000004 00000000        DCD              Reset_Handler ; Reset Handler
   38 00000008 00000000        DCD              NMI_Handler ; NMI Handler
   39 0000000C 00000000        DCD              HardFault_Handler ; Hard Fault 
                                                            Handler
   40 00000010 00000000        DCD              0           ; Reserved
   41 00000014 00000000        DCD              0           ; Reserved
   42 00000018 00000000        DCD              0           ; Reserved
   43 0000001C 00000000        DCD              0           ; Reserved
   44 00000020 00000000        DCD              0           ; Reserved
   45 00000024 00000000        DCD              0           ; Reserved



ARM Macro Assembler    Page 2 


   46 00000028 00000000        DCD              0           ; Reserved
   47 0000002C 00000000        DCD              SVC_Handler ; SVCall Handler
   48 00000030 00000000        DCD              0           ; Reserved
   49 00000034 00000000        DCD              0           ; Reserved
   50 00000038 00000000        DCD              PendSV_Handler ; PendSV Handler
                                                            
   51 0000003C 00000000        DCD              SysTick_Handler 
                                                            ; SysTick Handler
   52 00000040         
   53 00000040         ; External Interrupts
   54 00000040         
   55 00000040 00000000        DCD              MIL_STD_1553B2_IRQHandler ;IRQ0
                                                            
   56 00000044 00000000        DCD              MIL_STD_1553B1_IRQHandler ;IRQ1
                                                            
   57 00000048 00000000        DCD              USB_IRQHandler ;IRQ2
   58 0000004C 00000000        DCD              CAN1_IRQHandler ;IRQ3
   59 00000050 00000000        DCD              CAN2_IRQHandler ;IRQ4
   60 00000054 00000000        DCD              DMA_IRQHandler ;IRQ5
   61 00000058 00000000        DCD              UART1_IRQHandler ;IRQ6
   62 0000005C 00000000        DCD              UART2_IRQHandler ;IRQ7
   63 00000060 00000000        DCD              SSP1_IRQHandler ;IRQ8
   64 00000064 00000000        DCD              BUSY_IRQHandler ;IRQ9
   65 00000068 00000000        DCD              ARINC429R_IRQHandler ;IRQ10
   66 0000006C 00000000        DCD              POWER_IRQHandler ;IRQ11
   67 00000070 00000000        DCD              WWDG_IRQHandler ;IRQ12
   68 00000074 00000000        DCD              TIMER4_IRQHandler ;IRQ13
   69 00000078 00000000        DCD              TIMER1_IRQHandler ;IRQ14
   70 0000007C 00000000        DCD              TIMER2_IRQHandler ;IRQ15
   71 00000080 00000000        DCD              TIMER3_IRQHandler ;IRQ16
   72 00000084 00000000        DCD              ADC_IRQHandler ;IRQ17
   73 00000088 00000000        DCD              ETHERNET_IRQHandler ;IRQ18
   74 0000008C 00000000        DCD              SSP3_IRQHandler ;IRQ19
   75 00000090 00000000        DCD              SSP2_IRQHandler ;IRQ20
   76 00000094 00000000        DCD              ARINC429T1_IRQHandler ;IRQ21
   77 00000098 00000000        DCD              ARINC429T2_IRQHandler ;IRQ22
   78 0000009C 00000000        DCD              ARINC429T3_IRQHandler ;IRQ23
   79 000000A0 00000000        DCD              ARINC429T4_IRQHandler ;IRQ24
   80 000000A4 00000000        DCD              0           ;IRQ25
   81 000000A8 00000000        DCD              0           ;IRQ26
   82 000000AC 00000000        DCD              BKP_IRQHandler ;IRQ27
   83 000000B0 00000000        DCD              EXT_INT1_IRQHandler ;IRQ28
   84 000000B4 00000000        DCD              EXT_INT2_IRQHandler ;IRQ29
   85 000000B8 00000000        DCD              EXT_INT3_IRQHandler ;IRQ30
   86 000000BC 00000000        DCD              EXT_INT4_IRQHandler ;IRQ31
   87 000000C0         
   88 000000C0                 AREA             |.text|, CODE, READONLY
   89 00000000         
   90 00000000         
   91 00000000         ; Reset Handler
   92 00000000         
   93 00000000         Reset_Handler
                               PROC
   94 00000000                 EXPORT           Reset_Handler   [WEAK]
   95 00000000                 IMPORT           __main
   96 00000000 4815            LDR              R0,=__main
   97 00000002 4700            BX               R0
   98 00000004                 ENDP
   99 00000004         



ARM Macro Assembler    Page 3 


  100 00000004         
  101 00000004         ; Dummy Exception Handlers (infinite loops which can be 
                       modified)                
  102 00000004         
  103 00000004         NMI_Handler
                               PROC
  104 00000004                 EXPORT           NMI_Handler    [WEAK]
  105 00000004 E7FE            B                .
  106 00000006                 ENDP
  107 00000006         
  108 00000006         HardFault_Handler
                               PROC
  109 00000006                 EXPORT           HardFault_Handler  [WEAK]
  110 00000006 E7FE            B                .
  111 00000008                 ENDP
  112 00000008         
  113 00000008         SVC_Handler
                               PROC
  114 00000008                 EXPORT           SVC_Handler    [WEAK]
  115 00000008 E7FE            B                .
  116 0000000A                 ENDP
  117 0000000A         
  118 0000000A         PendSV_Handler
                               PROC
  119 0000000A                 EXPORT           PendSV_Handler   [WEAK]
  120 0000000A E7FE            B                .
  121 0000000C                 ENDP
  122 0000000C         
  123 0000000C         SysTick_Handler
                               PROC
  124 0000000C                 EXPORT           SysTick_Handler   [WEAK]
  125 0000000C E7FE            B                .
  126 0000000E                 ENDP
  127 0000000E         
  128 0000000E         ; External Interrupts
  129 0000000E         
  130 0000000E         MIL_STD_1553B2_IRQHandler
                               PROC
  131 0000000E                 EXPORT           MIL_STD_1553B2_IRQHandler [WEAK
]
  132 0000000E E7FE            B                .
  133 00000010                 ENDP
  134 00000010         
  135 00000010         MIL_STD_1553B1_IRQHandler
                               PROC
  136 00000010                 EXPORT           MIL_STD_1553B1_IRQHandler [WEAK
]
  137 00000010 E7FE            B                .
  138 00000012                 ENDP
  139 00000012         
  140 00000012         USB_IRQHandler
                               PROC
  141 00000012                 EXPORT           USB_IRQHandler    [WEAK]
  142 00000012 E7FE            B                .
  143 00000014                 ENDP
  144 00000014         
  145 00000014         CAN1_IRQHandler
                               PROC
  146 00000014                 EXPORT           CAN1_IRQHandler   [WEAK]



ARM Macro Assembler    Page 4 


  147 00000014 E7FE            B                .
  148 00000016                 ENDP
  149 00000016         
  150 00000016         CAN2_IRQHandler
                               PROC
  151 00000016                 EXPORT           CAN2_IRQHandler   [WEAK]
  152 00000016 E7FE            B                .
  153 00000018                 ENDP
  154 00000018         
  155 00000018         DMA_IRQHandler
                               PROC
  156 00000018                 EXPORT           DMA_IRQHandler    [WEAK]
  157 00000018 E7FE            B                .
  158 0000001A                 ENDP
  159 0000001A         
  160 0000001A         UART1_IRQHandler
                               PROC
  161 0000001A                 EXPORT           UART1_IRQHandler   [WEAK]
  162 0000001A E7FE            B                .
  163 0000001C                 ENDP
  164 0000001C         
  165 0000001C         UART2_IRQHandler
                               PROC
  166 0000001C                 EXPORT           UART2_IRQHandler   [WEAK]
  167 0000001C E7FE            B                .
  168 0000001E                 ENDP
  169 0000001E         
  170 0000001E         SSP1_IRQHandler
                               PROC
  171 0000001E                 EXPORT           SSP1_IRQHandler   [WEAK]
  172 0000001E E7FE            B                .
  173 00000020                 ENDP
  174 00000020         
  175 00000020         BUSY_IRQHandler
                               PROC
  176 00000020                 EXPORT           BUSY_IRQHandler    [WEAK]
  177 00000020 E7FE            B                .
  178 00000022                 ENDP
  179 00000022         
  180 00000022         ARINC429R_IRQHandler
                               PROC
  181 00000022                 EXPORT           ARINC429R_IRQHandler  [WEAK]
  182 00000022 E7FE            B                .
  183 00000024                 ENDP
  184 00000024         
  185 00000024         POWER_IRQHandler
                               PROC
  186 00000024                 EXPORT           POWER_IRQHandler   [WEAK]
  187 00000024 E7FE            B                .
  188 00000026                 ENDP
  189 00000026         
  190 00000026         WWDG_IRQHandler
                               PROC
  191 00000026                 EXPORT           WWDG_IRQHandler   [WEAK]
  192 00000026 E7FE            B                .
  193 00000028                 ENDP
  194 00000028         
  195 00000028         TIMER4_IRQHandler
                               PROC



ARM Macro Assembler    Page 5 


  196 00000028                 EXPORT           TIMER4_IRQHandler   [WEAK]
  197 00000028 E7FE            B                .
  198 0000002A                 ENDP
  199 0000002A         
  200 0000002A         TIMER1_IRQHandler
                               PROC
  201 0000002A                 EXPORT           TIMER1_IRQHandler   [WEAK]
  202 0000002A E7FE            B                .
  203 0000002C                 ENDP
  204 0000002C         
  205 0000002C         TIMER2_IRQHandler
                               PROC
  206 0000002C                 EXPORT           TIMER2_IRQHandler   [WEAK]
  207 0000002C E7FE            B                .
  208 0000002E                 ENDP
  209 0000002E         
  210 0000002E         TIMER3_IRQHandler
                               PROC
  211 0000002E                 EXPORT           TIMER3_IRQHandler   [WEAK]
  212 0000002E E7FE            B                .
  213 00000030                 ENDP
  214 00000030         
  215 00000030         ADC_IRQHandler
                               PROC
  216 00000030                 EXPORT           ADC_IRQHandler    [WEAK]
  217 00000030 E7FE            B                .
  218 00000032                 ENDP
  219 00000032         
  220 00000032         ETHERNET_IRQHandler
                               PROC
  221 00000032                 EXPORT           ETHERNET_IRQHandler  [WEAK]
  222 00000032 E7FE            B                .
  223 00000034                 ENDP
  224 00000034         
  225 00000034         SSP3_IRQHandler
                               PROC
  226 00000034                 EXPORT           SSP3_IRQHandler   [WEAK]
  227 00000034 E7FE            B                .
  228 00000036                 ENDP
  229 00000036         
  230 00000036         SSP2_IRQHandler
                               PROC
  231 00000036                 EXPORT           SSP2_IRQHandler   [WEAK]
  232 00000036 E7FE            B                .
  233 00000038                 ENDP
  234 00000038         
  235 00000038         ARINC429T1_IRQHandler
                               PROC
  236 00000038                 EXPORT           ARINC429T1_IRQHandler  [WEAK]
  237 00000038 E7FE            B                .
  238 0000003A                 ENDP
  239 0000003A         
  240 0000003A         ARINC429T2_IRQHandler
                               PROC
  241 0000003A                 EXPORT           ARINC429T2_IRQHandler  [WEAK]
  242 0000003A E7FE            B                .
  243 0000003C                 ENDP
  244 0000003C         
  245 0000003C         ARINC429T3_IRQHandler



ARM Macro Assembler    Page 6 


                               PROC
  246 0000003C                 EXPORT           ARINC429T3_IRQHandler  [WEAK]
  247 0000003C E7FE            B                .
  248 0000003E                 ENDP
  249 0000003E         
  250 0000003E         ARINC429T4_IRQHandler
                               PROC
  251 0000003E                 EXPORT           ARINC429T4_IRQHandler  [WEAK]
  252 0000003E E7FE            B                .
  253 00000040                 ENDP
  254 00000040         
  255 00000040         BKP_IRQHandler
                               PROC
  256 00000040                 EXPORT           BKP_IRQHandler    [WEAK]
  257 00000040 E7FE            B                .
  258 00000042                 ENDP
  259 00000042         
  260 00000042         EXT_INT1_IRQHandler
                               PROC
  261 00000042                 EXPORT           EXT_INT1_IRQHandler  [WEAK]
  262 00000042 E7FE            B                .
  263 00000044                 ENDP
  264 00000044         
  265 00000044         EXT_INT2_IRQHandler
                               PROC
  266 00000044                 EXPORT           EXT_INT2_IRQHandler  [WEAK]
  267 00000044 E7FE            B                .
  268 00000046                 ENDP
  269 00000046         
  270 00000046         EXT_INT3_IRQHandler
                               PROC
  271 00000046                 EXPORT           EXT_INT3_IRQHandler  [WEAK]
  272 00000046 E7FE            B                .
  273 00000048                 ENDP
  274 00000048         
  275 00000048         EXT_INT4_IRQHandler
                               PROC
  276 00000048                 EXPORT           EXT_INT4_IRQHandler  [WEAK]
  277 00000048 E7FE            B                .
  278 0000004A                 ENDP
  279 0000004A         
  280 0000004A 00 00           ALIGN
  281 0000004C         
  282 0000004C         
  283 0000004C         
  284 0000004C         ; User Initial Stack & Heap
  285 0000004C         
  286 0000004C                 IF               :DEF:__MICROLIB
  293 0000004C         
  294 0000004C                 IMPORT           __use_two_region_memory
  295 0000004C                 EXPORT           __user_initial_stackheap
  296 0000004C         __user_initial_stackheap
  297 0000004C         
  298 0000004C 4803            LDR              R0, =  Heap_Mem
  299 0000004E 4904            LDR              R1, =(Stack_Mem + Stack_Size)
  300 00000050 4A04            LDR              R2, = (Heap_Mem +  Heap_Size)
  301 00000052 4B05            LDR              R3, = Stack_Mem
  302 00000054 4770            BX               LR
  303 00000056         



ARM Macro Assembler    Page 7 


  304 00000056 00 00           ALIGN
  305 00000058         
  306 00000058                 ENDIF
  307 00000058         
  308 00000058         
  309 00000058                 END
              00000000 
              00000000 
              00001000 
              00001000 
              00000000 
Command Line: --debug --xref --diag_suppress=9931 --cpu=Cortex-M1 --apcs=interw
ork --depend=.\objects\startup_mdr1986ve1t.d -o.\objects\startup_mdr1986ve1t.o 
-I.\RTE\Device\MDR1986BE1T -I.\RTE\_Target_1 -ID:\Keil_v5\ARM\PACK\Keil\MDR1986
BExx\1.51\Config -ID:\Keil_v5\ARM\PACK\Keil\MDR1986BExx\1.51\Libraries\CMSIS\CM
1\CoreSupport -ID:\Keil_v5\ARM\PACK\Keil\MDR1986BExx\1.51\Libraries\CMSIS\CM1\D
eviceSupport\MDR1986VE1T\inc -ID:\Keil_v5\ARM\PACK\Keil\MDR1986BExx\1.51\Librar
ies\MDR32F9Qx_StdPeriph_Driver\inc -ID:\Keil_v5\ARM\CMSIS\Include --predefine="
__EVAL SETA 1" --predefine="__UVISION_VERSION SETA 528" --predefine="_RTE_ SETA
 1" --predefine="USE_MDR1986VE1T SETA 1" --list=.\listings\startup_mdr1986ve1t.
lst RTE\Device\MDR1986BE1T\startup_MDR1986VE1T.s



ARM Macro Assembler    Page 1 Alphabetic symbol ordering
Relocatable symbols

STACK 00000000

Symbol: STACK
   Definitions
      At line 12 in file RTE\Device\MDR1986BE1T\startup_MDR1986VE1T.s
   Uses
      None
Comment: STACK unused
Stack_Mem 00000000

Symbol: Stack_Mem
   Definitions
      At line 13 in file RTE\Device\MDR1986BE1T\startup_MDR1986VE1T.s
   Uses
      At line 299 in file RTE\Device\MDR1986BE1T\startup_MDR1986VE1T.s
      At line 301 in file RTE\Device\MDR1986BE1T\startup_MDR1986VE1T.s

__initial_sp 00001000

Symbol: __initial_sp
   Definitions
      At line 14 in file RTE\Device\MDR1986BE1T\startup_MDR1986VE1T.s
   Uses
      At line 36 in file RTE\Device\MDR1986BE1T\startup_MDR1986VE1T.s
Comment: __initial_sp used once
3 symbols



ARM Macro Assembler    Page 1 Alphabetic symbol ordering
Relocatable symbols

HEAP 00000000

Symbol: HEAP
   Definitions
      At line 23 in file RTE\Device\MDR1986BE1T\startup_MDR1986VE1T.s
   Uses
      None
Comment: HEAP unused
Heap_Mem 00000000

Symbol: Heap_Mem
   Definitions
      At line 25 in file RTE\Device\MDR1986BE1T\startup_MDR1986VE1T.s
   Uses
      At line 298 in file RTE\Device\MDR1986BE1T\startup_MDR1986VE1T.s
      At line 300 in file RTE\Device\MDR1986BE1T\startup_MDR1986VE1T.s

__heap_base 00000000

Symbol: __heap_base
   Definitions
      At line 24 in file RTE\Device\MDR1986BE1T\startup_MDR1986VE1T.s
   Uses
      None
Comment: __heap_base unused
__heap_limit 00001000

Symbol: __heap_limit
   Definitions
      At line 26 in file RTE\Device\MDR1986BE1T\startup_MDR1986VE1T.s
   Uses
      None
Comment: __heap_limit unused
4 symbols



ARM Macro Assembler    Page 1 Alphabetic symbol ordering
Relocatable symbols

RESET 00000000

Symbol: RESET
   Definitions
      At line 33 in file RTE\Device\MDR1986BE1T\startup_MDR1986VE1T.s
   Uses
      None
Comment: RESET unused
__Vectors 00000000

Symbol: __Vectors
   Definitions
      At line 36 in file RTE\Device\MDR1986BE1T\startup_MDR1986VE1T.s
   Uses
      At line 34 in file RTE\Device\MDR1986BE1T\startup_MDR1986VE1T.s
Comment: __Vectors used once
2 symbols



ARM Macro Assembler    Page 1 Alphabetic symbol ordering
Relocatable symbols

.text 00000000

Symbol: .text
   Definitions
      At line 88 in file RTE\Device\MDR1986BE1T\startup_MDR1986VE1T.s
   Uses
      None
Comment: .text unused
ADC_IRQHandler 00000030

Symbol: ADC_IRQHandler
   Definitions
      At line 215 in file RTE\Device\MDR1986BE1T\startup_MDR1986VE1T.s
   Uses
      At line 72 in file RTE\Device\MDR1986BE1T\startup_MDR1986VE1T.s
      At line 216 in file RTE\Device\MDR1986BE1T\startup_MDR1986VE1T.s

ARINC429R_IRQHandler 00000022

Symbol: ARINC429R_IRQHandler
   Definitions
      At line 180 in file RTE\Device\MDR1986BE1T\startup_MDR1986VE1T.s
   Uses
      At line 65 in file RTE\Device\MDR1986BE1T\startup_MDR1986VE1T.s
      At line 181 in file RTE\Device\MDR1986BE1T\startup_MDR1986VE1T.s

ARINC429T1_IRQHandler 00000038

Symbol: ARINC429T1_IRQHandler
   Definitions
      At line 235 in file RTE\Device\MDR1986BE1T\startup_MDR1986VE1T.s
   Uses
      At line 76 in file RTE\Device\MDR1986BE1T\startup_MDR1986VE1T.s
      At line 236 in file RTE\Device\MDR1986BE1T\startup_MDR1986VE1T.s

ARINC429T2_IRQHandler 0000003A

Symbol: ARINC429T2_IRQHandler
   Definitions
      At line 240 in file RTE\Device\MDR1986BE1T\startup_MDR1986VE1T.s
   Uses
      At line 77 in file RTE\Device\MDR1986BE1T\startup_MDR1986VE1T.s
      At line 241 in file RTE\Device\MDR1986BE1T\startup_MDR1986VE1T.s

ARINC429T3_IRQHandler 0000003C

Symbol: ARINC429T3_IRQHandler
   Definitions
      At line 245 in file RTE\Device\MDR1986BE1T\startup_MDR1986VE1T.s
   Uses
      At line 78 in file RTE\Device\MDR1986BE1T\startup_MDR1986VE1T.s
      At line 246 in file RTE\Device\MDR1986BE1T\startup_MDR1986VE1T.s

ARINC429T4_IRQHandler 0000003E

Symbol: ARINC429T4_IRQHandler
   Definitions
      At line 250 in file RTE\Device\MDR1986BE1T\startup_MDR1986VE1T.s
   Uses



ARM Macro Assembler    Page 2 Alphabetic symbol ordering
Relocatable symbols

      At line 79 in file RTE\Device\MDR1986BE1T\startup_MDR1986VE1T.s
      At line 251 in file RTE\Device\MDR1986BE1T\startup_MDR1986VE1T.s

BKP_IRQHandler 00000040

Symbol: BKP_IRQHandler
   Definitions
      At line 255 in file RTE\Device\MDR1986BE1T\startup_MDR1986VE1T.s
   Uses
      At line 82 in file RTE\Device\MDR1986BE1T\startup_MDR1986VE1T.s
      At line 256 in file RTE\Device\MDR1986BE1T\startup_MDR1986VE1T.s

BUSY_IRQHandler 00000020

Symbol: BUSY_IRQHandler
   Definitions
      At line 175 in file RTE\Device\MDR1986BE1T\startup_MDR1986VE1T.s
   Uses
      At line 64 in file RTE\Device\MDR1986BE1T\startup_MDR1986VE1T.s
      At line 176 in file RTE\Device\MDR1986BE1T\startup_MDR1986VE1T.s

CAN1_IRQHandler 00000014

Symbol: CAN1_IRQHandler
   Definitions
      At line 145 in file RTE\Device\MDR1986BE1T\startup_MDR1986VE1T.s
   Uses
      At line 58 in file RTE\Device\MDR1986BE1T\startup_MDR1986VE1T.s
      At line 146 in file RTE\Device\MDR1986BE1T\startup_MDR1986VE1T.s

CAN2_IRQHandler 00000016

Symbol: CAN2_IRQHandler
   Definitions
      At line 150 in file RTE\Device\MDR1986BE1T\startup_MDR1986VE1T.s
   Uses
      At line 59 in file RTE\Device\MDR1986BE1T\startup_MDR1986VE1T.s
      At line 151 in file RTE\Device\MDR1986BE1T\startup_MDR1986VE1T.s

DMA_IRQHandler 00000018

Symbol: DMA_IRQHandler
   Definitions
      At line 155 in file RTE\Device\MDR1986BE1T\startup_MDR1986VE1T.s
   Uses
      At line 60 in file RTE\Device\MDR1986BE1T\startup_MDR1986VE1T.s
      At line 156 in file RTE\Device\MDR1986BE1T\startup_MDR1986VE1T.s

ETHERNET_IRQHandler 00000032

Symbol: ETHERNET_IRQHandler
   Definitions
      At line 220 in file RTE\Device\MDR1986BE1T\startup_MDR1986VE1T.s
   Uses
      At line 73 in file RTE\Device\MDR1986BE1T\startup_MDR1986VE1T.s
      At line 221 in file RTE\Device\MDR1986BE1T\startup_MDR1986VE1T.s

EXT_INT1_IRQHandler 00000042




ARM Macro Assembler    Page 3 Alphabetic symbol ordering
Relocatable symbols

Symbol: EXT_INT1_IRQHandler
   Definitions
      At line 260 in file RTE\Device\MDR1986BE1T\startup_MDR1986VE1T.s
   Uses
      At line 83 in file RTE\Device\MDR1986BE1T\startup_MDR1986VE1T.s
      At line 261 in file RTE\Device\MDR1986BE1T\startup_MDR1986VE1T.s

EXT_INT2_IRQHandler 00000044

Symbol: EXT_INT2_IRQHandler
   Definitions
      At line 265 in file RTE\Device\MDR1986BE1T\startup_MDR1986VE1T.s
   Uses
      At line 84 in file RTE\Device\MDR1986BE1T\startup_MDR1986VE1T.s
      At line 266 in file RTE\Device\MDR1986BE1T\startup_MDR1986VE1T.s

EXT_INT3_IRQHandler 00000046

Symbol: EXT_INT3_IRQHandler
   Definitions
      At line 270 in file RTE\Device\MDR1986BE1T\startup_MDR1986VE1T.s
   Uses
      At line 85 in file RTE\Device\MDR1986BE1T\startup_MDR1986VE1T.s
      At line 271 in file RTE\Device\MDR1986BE1T\startup_MDR1986VE1T.s

EXT_INT4_IRQHandler 00000048

Symbol: EXT_INT4_IRQHandler
   Definitions
      At line 275 in file RTE\Device\MDR1986BE1T\startup_MDR1986VE1T.s
   Uses
      At line 86 in file RTE\Device\MDR1986BE1T\startup_MDR1986VE1T.s
      At line 276 in file RTE\Device\MDR1986BE1T\startup_MDR1986VE1T.s

HardFault_Handler 00000006

Symbol: HardFault_Handler
   Definitions
      At line 108 in file RTE\Device\MDR1986BE1T\startup_MDR1986VE1T.s
   Uses
      At line 39 in file RTE\Device\MDR1986BE1T\startup_MDR1986VE1T.s
      At line 109 in file RTE\Device\MDR1986BE1T\startup_MDR1986VE1T.s

MIL_STD_1553B1_IRQHandler 00000010

Symbol: MIL_STD_1553B1_IRQHandler
   Definitions
      At line 135 in file RTE\Device\MDR1986BE1T\startup_MDR1986VE1T.s
   Uses
      At line 56 in file RTE\Device\MDR1986BE1T\startup_MDR1986VE1T.s
      At line 136 in file RTE\Device\MDR1986BE1T\startup_MDR1986VE1T.s

MIL_STD_1553B2_IRQHandler 0000000E

Symbol: MIL_STD_1553B2_IRQHandler
   Definitions
      At line 130 in file RTE\Device\MDR1986BE1T\startup_MDR1986VE1T.s
   Uses
      At line 55 in file RTE\Device\MDR1986BE1T\startup_MDR1986VE1T.s



ARM Macro Assembler    Page 4 Alphabetic symbol ordering
Relocatable symbols

      At line 131 in file RTE\Device\MDR1986BE1T\startup_MDR1986VE1T.s

NMI_Handler 00000004

Symbol: NMI_Handler
   Definitions
      At line 103 in file RTE\Device\MDR1986BE1T\startup_MDR1986VE1T.s
   Uses
      At line 38 in file RTE\Device\MDR1986BE1T\startup_MDR1986VE1T.s
      At line 104 in file RTE\Device\MDR1986BE1T\startup_MDR1986VE1T.s

POWER_IRQHandler 00000024

Symbol: POWER_IRQHandler
   Definitions
      At line 185 in file RTE\Device\MDR1986BE1T\startup_MDR1986VE1T.s
   Uses
      At line 66 in file RTE\Device\MDR1986BE1T\startup_MDR1986VE1T.s
      At line 186 in file RTE\Device\MDR1986BE1T\startup_MDR1986VE1T.s

PendSV_Handler 0000000A

Symbol: PendSV_Handler
   Definitions
      At line 118 in file RTE\Device\MDR1986BE1T\startup_MDR1986VE1T.s
   Uses
      At line 50 in file RTE\Device\MDR1986BE1T\startup_MDR1986VE1T.s
      At line 119 in file RTE\Device\MDR1986BE1T\startup_MDR1986VE1T.s

Reset_Handler 00000000

Symbol: Reset_Handler
   Definitions
      At line 93 in file RTE\Device\MDR1986BE1T\startup_MDR1986VE1T.s
   Uses
      At line 37 in file RTE\Device\MDR1986BE1T\startup_MDR1986VE1T.s
      At line 94 in file RTE\Device\MDR1986BE1T\startup_MDR1986VE1T.s

SSP1_IRQHandler 0000001E

Symbol: SSP1_IRQHandler
   Definitions
      At line 170 in file RTE\Device\MDR1986BE1T\startup_MDR1986VE1T.s
   Uses
      At line 63 in file RTE\Device\MDR1986BE1T\startup_MDR1986VE1T.s
      At line 171 in file RTE\Device\MDR1986BE1T\startup_MDR1986VE1T.s

SSP2_IRQHandler 00000036

Symbol: SSP2_IRQHandler
   Definitions
      At line 230 in file RTE\Device\MDR1986BE1T\startup_MDR1986VE1T.s
   Uses
      At line 75 in file RTE\Device\MDR1986BE1T\startup_MDR1986VE1T.s
      At line 231 in file RTE\Device\MDR1986BE1T\startup_MDR1986VE1T.s

SSP3_IRQHandler 00000034

Symbol: SSP3_IRQHandler



ARM Macro Assembler    Page 5 Alphabetic symbol ordering
Relocatable symbols

   Definitions
      At line 225 in file RTE\Device\MDR1986BE1T\startup_MDR1986VE1T.s
   Uses
      At line 74 in file RTE\Device\MDR1986BE1T\startup_MDR1986VE1T.s
      At line 226 in file RTE\Device\MDR1986BE1T\startup_MDR1986VE1T.s

SVC_Handler 00000008

Symbol: SVC_Handler
   Definitions
      At line 113 in file RTE\Device\MDR1986BE1T\startup_MDR1986VE1T.s
   Uses
      At line 47 in file RTE\Device\MDR1986BE1T\startup_MDR1986VE1T.s
      At line 114 in file RTE\Device\MDR1986BE1T\startup_MDR1986VE1T.s

SysTick_Handler 0000000C

Symbol: SysTick_Handler
   Definitions
      At line 123 in file RTE\Device\MDR1986BE1T\startup_MDR1986VE1T.s
   Uses
      At line 51 in file RTE\Device\MDR1986BE1T\startup_MDR1986VE1T.s
      At line 124 in file RTE\Device\MDR1986BE1T\startup_MDR1986VE1T.s

TIMER1_IRQHandler 0000002A

Symbol: TIMER1_IRQHandler
   Definitions
      At line 200 in file RTE\Device\MDR1986BE1T\startup_MDR1986VE1T.s
   Uses
      At line 69 in file RTE\Device\MDR1986BE1T\startup_MDR1986VE1T.s
      At line 201 in file RTE\Device\MDR1986BE1T\startup_MDR1986VE1T.s

TIMER2_IRQHandler 0000002C

Symbol: TIMER2_IRQHandler
   Definitions
      At line 205 in file RTE\Device\MDR1986BE1T\startup_MDR1986VE1T.s
   Uses
      At line 70 in file RTE\Device\MDR1986BE1T\startup_MDR1986VE1T.s
      At line 206 in file RTE\Device\MDR1986BE1T\startup_MDR1986VE1T.s

TIMER3_IRQHandler 0000002E

Symbol: TIMER3_IRQHandler
   Definitions
      At line 210 in file RTE\Device\MDR1986BE1T\startup_MDR1986VE1T.s
   Uses
      At line 71 in file RTE\Device\MDR1986BE1T\startup_MDR1986VE1T.s
      At line 211 in file RTE\Device\MDR1986BE1T\startup_MDR1986VE1T.s

TIMER4_IRQHandler 00000028

Symbol: TIMER4_IRQHandler
   Definitions
      At line 195 in file RTE\Device\MDR1986BE1T\startup_MDR1986VE1T.s
   Uses
      At line 68 in file RTE\Device\MDR1986BE1T\startup_MDR1986VE1T.s
      At line 196 in file RTE\Device\MDR1986BE1T\startup_MDR1986VE1T.s



ARM Macro Assembler    Page 6 Alphabetic symbol ordering
Relocatable symbols


UART1_IRQHandler 0000001A

Symbol: UART1_IRQHandler
   Definitions
      At line 160 in file RTE\Device\MDR1986BE1T\startup_MDR1986VE1T.s
   Uses
      At line 61 in file RTE\Device\MDR1986BE1T\startup_MDR1986VE1T.s
      At line 161 in file RTE\Device\MDR1986BE1T\startup_MDR1986VE1T.s

UART2_IRQHandler 0000001C

Symbol: UART2_IRQHandler
   Definitions
      At line 165 in file RTE\Device\MDR1986BE1T\startup_MDR1986VE1T.s
   Uses
      At line 62 in file RTE\Device\MDR1986BE1T\startup_MDR1986VE1T.s
      At line 166 in file RTE\Device\MDR1986BE1T\startup_MDR1986VE1T.s

USB_IRQHandler 00000012

Symbol: USB_IRQHandler
   Definitions
      At line 140 in file RTE\Device\MDR1986BE1T\startup_MDR1986VE1T.s
   Uses
      At line 57 in file RTE\Device\MDR1986BE1T\startup_MDR1986VE1T.s
      At line 141 in file RTE\Device\MDR1986BE1T\startup_MDR1986VE1T.s

WWDG_IRQHandler 00000026

Symbol: WWDG_IRQHandler
   Definitions
      At line 190 in file RTE\Device\MDR1986BE1T\startup_MDR1986VE1T.s
   Uses
      At line 67 in file RTE\Device\MDR1986BE1T\startup_MDR1986VE1T.s
      At line 191 in file RTE\Device\MDR1986BE1T\startup_MDR1986VE1T.s

__user_initial_stackheap 0000004C

Symbol: __user_initial_stackheap
   Definitions
      At line 296 in file RTE\Device\MDR1986BE1T\startup_MDR1986VE1T.s
   Uses
      At line 295 in file RTE\Device\MDR1986BE1T\startup_MDR1986VE1T.s
Comment: __user_initial_stackheap used once
38 symbols



ARM Macro Assembler    Page 1 Alphabetic symbol ordering
Absolute symbols

Heap_Size 00001000

Symbol: Heap_Size
   Definitions
      At line 21 in file RTE\Device\MDR1986BE1T\startup_MDR1986VE1T.s
   Uses
      At line 25 in file RTE\Device\MDR1986BE1T\startup_MDR1986VE1T.s
      At line 300 in file RTE\Device\MDR1986BE1T\startup_MDR1986VE1T.s

Stack_Size 00001000

Symbol: Stack_Size
   Definitions
      At line 10 in file RTE\Device\MDR1986BE1T\startup_MDR1986VE1T.s
   Uses
      At line 13 in file RTE\Device\MDR1986BE1T\startup_MDR1986VE1T.s
      At line 299 in file RTE\Device\MDR1986BE1T\startup_MDR1986VE1T.s

2 symbols



ARM Macro Assembler    Page 1 Alphabetic symbol ordering
External symbols

__main 00000000

Symbol: __main
   Definitions
      At line 95 in file RTE\Device\MDR1986BE1T\startup_MDR1986VE1T.s
   Uses
      At line 96 in file RTE\Device\MDR1986BE1T\startup_MDR1986VE1T.s
Comment: __main used once
__use_two_region_memory 00000000

Symbol: __use_two_region_memory
   Definitions
      At line 294 in file RTE\Device\MDR1986BE1T\startup_MDR1986VE1T.s
   Uses
      None
Comment: __use_two_region_memory unused
2 symbols
389 symbols in table
